<?xml version="1.0" encoding="UTF-8"?>
<!-- Generated by org.testng.reporters.JUnitReportReporter -->
<testsuite hostname="DESKTOP-4B0312A" failures="0" tests="1" name="Runner.Runner" time="0.317" errors="0" timestamp="2022-10-28T15:00:32 IST" skipped="0">
  <testcase classname="Runner.Runner" name="runScenario" time="0.317"/>
  <system-out/>
</testsuite> <!-- Runner.Runner -->
