<?xml version="1.0" encoding="UTF-8"?>
<!-- Generated by org.testng.reporters.JUnitReportReporter -->
<testsuite hostname="DESKTOP-4B0312A" failures="0" tests="8" name="Runner.RunnerTest" time="10.963" errors="0" timestamp="2022-11-04T13:16:17 IST" skipped="0">
  <testcase classname="Runner.RunnerTest" name="runScenario" time="2.143"/>
  <system-out/>
  <testcase classname="Runner.RunnerTest" name="runScenario" time="6.201"/>
  <system-out/>
  <testcase classname="Runner.RunnerTest" name="runScenario" time="0.329"/>
  <system-out/>
  <testcase classname="Runner.RunnerTest" name="runScenario" time="0.260"/>
  <system-out/>
  <testcase classname="Runner.RunnerTest" name="runScenario" time="0.167"/>
  <system-out/>
  <testcase classname="Runner.RunnerTest" name="runScenario" time="0.599"/>
  <system-out/>
  <testcase classname="Runner.RunnerTest" name="runScenario" time="0.757"/>
  <system-out/>
  <testcase classname="Runner.RunnerTest" name="runScenario" time="0.507"/>
  <system-out/>
</testsuite> <!-- Runner.RunnerTest -->
