<?xml version="1.0" encoding="UTF-8"?>
<!-- Generated by org.testng.reporters.JUnitReportReporter -->
<testsuite hostname="DESKTOP-4B0312A" failures="0" tests="1" name="CurdOperation.PostRequestforOrders" time="5.304" errors="0" timestamp="2022-11-03T23:24:19 IST" skipped="0">
  <testcase classname="CurdOperation.PostRequestforOrders" name="PostRequestforOrders" time="5.304"/>
  <system-out/>
</testsuite> <!-- CurdOperation.PostRequestforOrders -->
