<?xml version="1.0" encoding="UTF-8"?>
<!-- Generated by org.testng.reporters.JUnitReportReporter -->
<testsuite hostname="DESKTOP-4B0312A" failures="0" tests="1" name="CurdOperation.PostRequestforStaff" time="5.195" errors="0" timestamp="2022-11-03T23:17:44 IST" skipped="0">
  <testcase classname="CurdOperation.PostRequestforStaff" name="PostRequestforStock" time="5.195"/>
  <system-out/>
</testsuite> <!-- CurdOperation.PostRequestforStaff -->
