<?xml version="1.0" encoding="UTF-8"?>
<!-- Generated by org.testng.reporters.JUnitReportReporter -->
<testsuite hostname="DESKTOP-4B0312A" failures="0" tests="1" name="CurdOperation.GetWithBDD" time="4.842" errors="0" timestamp="2022-11-02T17:08:33 IST" skipped="0">
  <testcase classname="CurdOperation.GetWithBDD" name="getWithBDD" time="4.842"/>
  <system-out/>
</testsuite> <!-- CurdOperation.GetWithBDD -->
