<?xml version="1.0" encoding="UTF-8"?>
<!-- Generated by org.testng.reporters.JUnitReportReporter -->
<testsuite hostname="DESKTOP-4B0312A" failures="0" tests="1" name="CurdOperation.PostWithBDD" time="5.151" errors="0" timestamp="2022-11-02T17:09:08 IST" skipped="0">
  <testcase classname="CurdOperation.PostWithBDD" name="postWithBDD" time="5.151"/>
  <system-out/>
</testsuite> <!-- CurdOperation.PostWithBDD -->
