<?xml version="1.0" encoding="UTF-8"?>
<!-- Generated by org.testng.reporters.JUnitReportReporter -->
<testsuite hostname="DESKTOP-4B0312A" failures="0" tests="1" name="crudOperation.PostRequestTest" time="6.483" errors="0" timestamp="2022-11-03T15:52:21 IST" skipped="0">
  <testcase classname="crudOperation.PostRequestTest" name="postRequestTest" time="6.483"/>
  <system-out/>
</testsuite> <!-- crudOperation.PostRequestTest -->
